npm WARN read-shrinkwrap This version of npm is compatible with lockfileVersion@1, but package-lock.json was generated for lockfileVersion@2. I'll try to do my best with it!
running install
running bdist_egg
running egg_info
writing regex.egg-info/PKG-INFO
writing dependency_links to regex.egg-info/dependency_links.txt
writing top-level names to regex.egg-info/top_level.txt
reading manifest file 'regex.egg-info/SOURCES.txt'
reading manifest template 'MANIFEST.in'
writing manifest file 'regex.egg-info/SOURCES.txt'
installing library code to build/bdist.linux-x86_64/egg
running install_lib
running build_py
creating build
creating build/lib.linux-x86_64-3.9
creating build/lib.linux-x86_64-3.9/regex
copying regex_3/__init__.py -> build/lib.linux-x86_64-3.9/regex
copying regex_3/regex.py -> build/lib.linux-x86_64-3.9/regex
copying regex_3/_regex_core.py -> build/lib.linux-x86_64-3.9/regex
copying regex_3/test_regex.py -> build/lib.linux-x86_64-3.9/regex
running build_ext
building 'regex._regex' extension
creating build/temp.linux-x86_64-3.9
creating build/temp.linux-x86_64-3.9/regex_3
cc -Wno-unused-result -Wsign-compare -DNDEBUG -O2 -Wall -fPIC -O2 -isystem /home/derthorsten/miniconda3/include -fPIC -O2 -isystem /home/derthorsten/miniconda3/include -fPIC -I/home/derthorsten/miniconda3/include/python3.9 -c regex_3/_regex.c -o build/temp.linux-x86_64-3.9/regex_3/_regex.o
cc -Wno-unused-result -Wsign-compare -DNDEBUG -O2 -Wall -fPIC -O2 -isystem /home/derthorsten/miniconda3/include -fPIC -O2 -isystem /home/derthorsten/miniconda3/include -fPIC -I/home/derthorsten/miniconda3/include/python3.9 -c regex_3/_regex_unicode.c -o build/temp.linux-x86_64-3.9/regex_3/_regex_unicode.o
gcc -pthread -B /home/derthorsten/miniconda3/compiler_compat -Wl,--sysroot=/ -shared -Wl,-rpath,/home/derthorsten/miniconda3/lib -Wl,-rpath-link,/home/derthorsten/miniconda3/lib -L/home/derthorsten/miniconda3/lib -Wl,-rpath,/home/derthorsten/miniconda3/lib -Wl,-rpath-link,/home/derthorsten/miniconda3/lib -L/home/derthorsten/miniconda3/lib build/temp.linux-x86_64-3.9/regex_3/_regex.o build/temp.linux-x86_64-3.9/regex_3/_regex_unicode.o -o build/lib.linux-x86_64-3.9/regex/_regex.cpython-39-x86_64-linux-gnu.so
creating build/bdist.linux-x86_64
creating build/bdist.linux-x86_64/egg
creating build/bdist.linux-x86_64/egg/regex
copying build/lib.linux-x86_64-3.9/regex/regex.py -> build/bdist.linux-x86_64/egg/regex
copying build/lib.linux-x86_64-3.9/regex/_regex_core.py -> build/bdist.linux-x86_64/egg/regex
copying build/lib.linux-x86_64-3.9/regex/__init__.py -> build/bdist.linux-x86_64/egg/regex
copying build/lib.linux-x86_64-3.9/regex/test_regex.py -> build/bdist.linux-x86_64/egg/regex
copying build/lib.linux-x86_64-3.9/regex/_regex.cpython-39-x86_64-linux-gnu.so -> build/bdist.linux-x86_64/egg/regex
byte-compiling build/bdist.linux-x86_64/egg/regex/regex.py to regex.cpython-39.pyc
byte-compiling build/bdist.linux-x86_64/egg/regex/_regex_core.py to _regex_core.cpython-39.pyc
byte-compiling build/bdist.linux-x86_64/egg/regex/__init__.py to __init__.cpython-39.pyc
byte-compiling build/bdist.linux-x86_64/egg/regex/test_regex.py to test_regex.cpython-39.pyc
creating stub loader for regex/_regex.cpython-39-x86_64-linux-gnu.so
byte-compiling build/bdist.linux-x86_64/egg/regex/_regex.py to _regex.cpython-39.pyc
creating build/bdist.linux-x86_64/egg/EGG-INFO
copying regex.egg-info/PKG-INFO -> build/bdist.linux-x86_64/egg/EGG-INFO
copying regex.egg-info/SOURCES.txt -> build/bdist.linux-x86_64/egg/EGG-INFO
copying regex.egg-info/dependency_links.txt -> build/bdist.linux-x86_64/egg/EGG-INFO
copying regex.egg-info/top_level.txt -> build/bdist.linux-x86_64/egg/EGG-INFO
writing build/bdist.linux-x86_64/egg/EGG-INFO/native_libs.txt
zip_safe flag not set; analyzing archive contents...
regex.__pycache__._regex.cpython-39: module references __file__
creating dist
creating 'dist/regex-2021.7.6-py3.9-linux-x86_64.egg' and adding 'build/bdist.linux-x86_64/egg' to it
removing 'build/bdist.linux-x86_64/egg' (and everything under it)
Processing regex-2021.7.6-py3.9-linux-x86_64.egg
creating /home/derthorsten/src/pyodide/packages/.artifacts/lib/python/regex-2021.7.6-py3.9-linux-x86_64.egg
Extracting regex-2021.7.6-py3.9-linux-x86_64.egg to /home/derthorsten/src/pyodide/packages/.artifacts/lib/python
Adding regex 2021.7.6 to easy-install.pth file

Installed /home/derthorsten/src/pyodide/packages/.artifacts/lib/python/regex-2021.7.6-py3.9-linux-x86_64.egg
Processing dependencies for regex==2021.7.6
Finished processing dependencies for regex==2021.7.6
regex_3/_regex.c:24931:23: warning: unused function 'contains_repeat' [-Wunused-function]
Py_LOCAL_INLINE(BOOL) contains_repeat(RE_CODE* code, RE_CODE* end_code) {
                      ^
1 warning generated.
emcc: warning: ignoring unsupported linker flag: `-rpath` [-Wlinkflags]
emcc: warning: ignoring unsupported linker flag: `-rpath-link` [-Wlinkflags]
emcc: warning: ignoring unsupported linker flag: `-rpath` [-Wlinkflags]
emcc: warning: ignoring unsupported linker flag: `-rpath-link` [-Wlinkflags]
running install
running install_lib
creating install
creating install/lib
creating install/lib/python3.9
creating install/lib/python3.9/site-packages
creating install/lib/python3.9/site-packages/regex
copying build/lib.linux-x86_64-3.9/regex/regex.py -> install/lib/python3.9/site-packages/regex
copying build/lib.linux-x86_64-3.9/regex/_regex_core.py -> install/lib/python3.9/site-packages/regex
copying build/lib.linux-x86_64-3.9/regex/__init__.py -> install/lib/python3.9/site-packages/regex
copying build/lib.linux-x86_64-3.9/regex/test_regex.py -> install/lib/python3.9/site-packages/regex
copying build/lib.linux-x86_64-3.9/regex/_regex.so -> install/lib/python3.9/site-packages/regex
byte-compiling install/lib/python3.9/site-packages/regex/regex.py to regex.cpython-39.pyc
byte-compiling install/lib/python3.9/site-packages/regex/_regex_core.py to _regex_core.cpython-39.pyc
byte-compiling install/lib/python3.9/site-packages/regex/__init__.py to __init__.cpython-39.pyc
byte-compiling install/lib/python3.9/site-packages/regex/test_regex.py to test_regex.cpython-39.pyc
running install_egg_info
running egg_info
writing regex.egg-info/PKG-INFO
writing dependency_links to regex.egg-info/dependency_links.txt
writing top-level names to regex.egg-info/top_level.txt
reading manifest file 'regex.egg-info/SOURCES.txt'
reading manifest template 'MANIFEST.in'
writing manifest file 'regex.egg-info/SOURCES.txt'
Copying regex.egg-info to install/lib/python3.9/site-packages/regex-2021.7.6-py3.9.egg-info
running install_scripts
Remember to build the main file with  -s FORCE_FILESYSTEM=1  so that it includes support for loading this file package
converting to ArrayBuffer
compressing package of size 891055
compressed package into 423294
compressed in 28 ms
(node:39732) [DEP0005] DeprecationWarning: Buffer() is deprecated due to security and usability issues. Please use the Buffer.alloc(), Buffer.allocUnsafe(), or Buffer.from() methods instead.
(Use `node --trace-deprecation ...` to show where the warning was created)
Remember to build the main file with  -s FORCE_FILESYSTEM=1  so that it includes support for loading this file package
converting to ArrayBuffer
compressing package of size 214904
compressed package into 82778
compressed in 8 ms
(node:39752) [DEP0005] DeprecationWarning: Buffer() is deprecated due to security and usability issues. Please use the Buffer.alloc(), Buffer.allocUnsafe(), or Buffer.from() methods instead.
(Use `node --trace-deprecation ...` to show where the warning was created)
[2022-01-05 15:18:47] Building package regex...
[line 1 of 3]
emcc -O2 -g0 -fPIC -Wno-unused-result -Wsign-compare -DNDEBUG -Wall -fPIC -isystem /home/derthorsten/miniconda3/include -fPIC -isystem /home/derthorsten/miniconda3/include -fPIC -I/home/derthorsten/src/pyodide/cpython/installs/python-3.9.5/include/python3.9 -c regex_3/_regex.c -o build/temp.linux-x86_64-3.9/regex_3/_regex.o
[line 2 of 3]
emcc -O2 -g0 -fPIC -Wno-unused-result -Wsign-compare -DNDEBUG -Wall -fPIC -isystem /home/derthorsten/miniconda3/include -fPIC -isystem /home/derthorsten/miniconda3/include -fPIC -I/home/derthorsten/src/pyodide/cpython/installs/python-3.9.5/include/python3.9 -c regex_3/_regex_unicode.c -o build/temp.linux-x86_64-3.9/regex_3/_regex_unicode.o
[line 3 of 3]
emcc -O2 -g0 -s MODULARIZE=1 -s LINKABLE=1 -s EXPORT_ALL=1 -s WASM=1 -std=c++14 -s LZ4=1 -L /home/derthorsten/src/pyodide/cpython/installs/python-3.9.5/lib/ -s SIDE_MODULE=1 -Wl,-rpath,/home/derthorsten/miniconda3/lib -Wl,-rpath-link,/home/derthorsten/miniconda3/lib -L/home/derthorsten/miniconda3/lib -Wl,-rpath,/home/derthorsten/miniconda3/lib -Wl,-rpath-link,/home/derthorsten/miniconda3/lib -L/home/derthorsten/miniconda3/lib build/temp.linux-x86_64-3.9/regex_3/_regex.o build/temp.linux-x86_64-3.9/regex_3/_regex_unicode.o -o build/lib.linux-x86_64-3.9/regex/_regex.cpython-39-x86_64-linux-gnu.so
[2022-01-05 15:19:02] Succeeded building package regex in 14.9 seconds.
